Using pre-set license
Built from '2021.3/staging' branch; Version is '2021.3.19f1 (c9714fde33b6) revision 13201743'; Using compiler version '192829333'; Build Type 'Release'
OS: 'Windows 10  (10.0.19044) 64bit Enterprise' Language: 'en' Physical Memory: 32456 MB
BatchMode: 1, IsHumanControllingUs: 0, StartBugReporterOnCrash: 0, Is64bit: 1, IsPro: 1

COMMAND LINE ARGUMENTS:
C:\Program Files\Unity 2021.3.19f1\Editor\Unity.exe
-adb2
-batchMode
-noUpm
-name
AssetImportWorker2
-projectPath
C:/Users/horna733/Documents/Unity Projects-Adam/Scene Building Project
-logFile
Logs/AssetImportWorker2.log
-srvPort
53692
Successfully changed project path to: C:/Users/horna733/Documents/Unity Projects-Adam/Scene Building Project
C:/Users/horna733/Documents/Unity Projects-Adam/Scene Building Project
[UnityMemory] Configuration Parameters - Can be set up in boot.config
    "memorysetup-bucket-allocator-granularity=16"
    "memorysetup-bucket-allocator-bucket-count=8"
    "memorysetup-bucket-allocator-block-size=33554432"
    "memorysetup-bucket-allocator-block-count=8"
    "memorysetup-main-allocator-block-size=16777216"
    "memorysetup-thread-allocator-block-size=16777216"
    "memorysetup-gfx-main-allocator-block-size=16777216"
    "memorysetup-gfx-thread-allocator-block-size=16777216"
    "memorysetup-cache-allocator-block-size=4194304"
    "memorysetup-typetree-allocator-block-size=2097152"
    "memorysetup-profiler-bucket-allocator-granularity=16"
    "memorysetup-profiler-bucket-allocator-bucket-count=8"
    "memorysetup-profiler-bucket-allocator-block-size=33554432"
    "memorysetup-profiler-bucket-allocator-block-count=8"
    "memorysetup-profiler-allocator-block-size=16777216"
    "memorysetup-profiler-editor-allocator-block-size=1048576"
    "memorysetup-temp-allocator-size-main=16777216"
    "memorysetup-job-temp-allocator-block-size=2097152"
    "memorysetup-job-temp-allocator-block-size-background=1048576"
    "memorysetup-job-temp-allocator-reduction-small-platforms=262144"
    "memorysetup-temp-allocator-size-background-worker=32768"
    "memorysetup-temp-allocator-size-job-worker=262144"
    "memorysetup-temp-allocator-size-preload-manager=33554432"
    "memorysetup-temp-allocator-size-nav-mesh-worker=65536"
    "memorysetup-temp-allocator-size-audio-worker=65536"
    "memorysetup-temp-allocator-size-cloud-worker=32768"
    "memorysetup-temp-allocator-size-gi-baking-worker=262144"
    "memorysetup-temp-allocator-size-gfx=262144"
Player connection [15688] Host "[IP] 10.2.3.250 [Port] 0 [Flags] 2 [Guid] 4068736344 [EditorId] 4068736344 [Version] 1048832 [Id] WindowsEditor(7,CE105WD238870S) [Debug] 1 [PackageName] WindowsEditor [ProjectName] Editor" joined multi-casting on [225.0.0.222:54997]...

Player connection [15688] Host "[IP] 10.2.3.250 [Port] 0 [Flags] 2 [Guid] 4068736344 [EditorId] 4068736344 [Version] 1048832 [Id] WindowsEditor(7,CE105WD238870S) [Debug] 1 [PackageName] WindowsEditor [ProjectName] Editor" joined alternative multi-casting on [225.0.0.222:34997]...

Refreshing native plugins compatible for Editor in 21.24 ms, found 2 plugins.
Preloading 0 native plugins for Editor in 0.00 ms.
Initialize engine version: 2021.3.19f1 (c9714fde33b6)
[Subsystems] Discovering subsystems at path C:/Program Files/Unity 2021.3.19f1/Editor/Data/Resources/UnitySubsystems
[Subsystems] Discovering subsystems at path C:/Users/horna733/Documents/Unity Projects-Adam/Scene Building Project/Assets
GfxDevice: creating device client; threaded=0; jobified=0
Direct3D:
    Version:  Direct3D 11.0 [level 11.1]
    Renderer: Intel(R) UHD Graphics (ID=0xa780)
    Vendor:   Intel
    VRAM:     16228 MB
    Driver:   31.0.101.3302
Initialize mono
Mono path[0] = 'C:/Program Files/Unity 2021.3.19f1/Editor/Data/Managed'
Mono path[1] = 'C:/Program Files/Unity 2021.3.19f1/Editor/Data/MonoBleedingEdge/lib/mono/unityjit-win32'
Mono config path = 'C:/Program Files/Unity 2021.3.19f1/Editor/Data/MonoBleedingEdge/etc'
Using monoOptions --debugger-agent=transport=dt_socket,embedding=1,server=y,suspend=n,address=127.0.0.1:56300
Begin MonoManager ReloadAssembly
Registering precompiled unity dll's ...
Register platform support module: C:/Program Files/Unity 2021.3.19f1/Editor/Data/PlaybackEngines/WebGLSupport/UnityEditor.WebGL.Extensions.dll
Register platform support module: C:/Program Files/Unity 2021.3.19f1/Editor/Data/PlaybackEngines/WindowsStandaloneSupport/UnityEditor.WindowsStandalone.Extensions.dll
Register platform support module: C:/Program Files/Unity 2021.3.19f1/Editor/Data/PlaybackEngines/MetroSupport/UnityEditor.UWP.Extensions.dll
Registered in 0.005002 seconds.
Native extension for UWP target not found
Native extension for WindowsStandalone target not found
Native extension for WebGL target not found
Refreshing native plugins compatible for Editor in 22.41 ms, found 2 plugins.
Preloading 0 native plugins for Editor in 0.00 ms.
Mono: successfully reloaded assembly
- Completed reload, in  0.527 seconds
Domain Reload Profiling:
	ReloadAssembly (528ms)
		BeginReloadAssembly (73ms)
			ExecutionOrderSort (0ms)
			DisableScriptedObjects (0ms)
			BackupInstance (0ms)
			ReleaseScriptingObjects (0ms)
			CreateAndSetChildDomain (1ms)
		EndReloadAssembly (358ms)
			LoadAssemblies (71ms)
			RebuildTransferFunctionScriptingTraits (0ms)
			SetupTypeCache (87ms)
			ReleaseScriptCaches (0ms)
			RebuildScriptCaches (24ms)
			SetupLoadedEditorAssemblies (202ms)
				LogAssemblyErrors (0ms)
				InitializePlatformSupportModulesInManaged (8ms)
				SetLoadedEditorAssemblies (0ms)
				RefreshPlugins (23ms)
				BeforeProcessingInitializeOnLoad (1ms)
				ProcessInitializeOnLoadAttributes (126ms)
				ProcessInitializeOnLoadMethodAttributes (43ms)
				AfterProcessingInitializeOnLoad (0ms)
				EditorAssembliesLoaded (0ms)
			ExecutionOrderSort2 (0ms)
			AwakeInstancesAfterBackupRestoration (0ms)
Platform modules already initialized, skipping
Registering precompiled user dll's ...
Registered in 0.003352 seconds.
Begin MonoManager ReloadAssembly
Native extension for UWP target not found
Native extension for WindowsStandalone target not found
Native extension for WebGL target not found
Refreshing native plugins compatible for Editor in 0.39 ms, found 2 plugins.
Preloading 0 native plugins for Editor in 0.00 ms.
Mono: successfully reloaded assembly
- Completed reload, in  0.704 seconds
Domain Reload Profiling:
	ReloadAssembly (704ms)
		BeginReloadAssembly (88ms)
			ExecutionOrderSort (0ms)
			DisableScriptedObjects (5ms)
			BackupInstance (0ms)
			ReleaseScriptingObjects (0ms)
			CreateAndSetChildDomain (19ms)
		EndReloadAssembly (517ms)
			LoadAssemblies (53ms)
			RebuildTransferFunctionScriptingTraits (0ms)
			SetupTypeCache (138ms)
			ReleaseScriptCaches (0ms)
			RebuildScriptCaches (35ms)
			SetupLoadedEditorAssemblies (246ms)
				LogAssemblyErrors (0ms)
				InitializePlatformSupportModulesInManaged (7ms)
				SetLoadedEditorAssemblies (0ms)
				RefreshPlugins (0ms)
				BeforeProcessingInitializeOnLoad (40ms)
				ProcessInitializeOnLoadAttributes (176ms)
				ProcessInitializeOnLoadMethodAttributes (17ms)
				AfterProcessingInitializeOnLoad (6ms)
				EditorAssembliesLoaded (0ms)
			ExecutionOrderSort2 (0ms)
			AwakeInstancesAfterBackupRestoration (9ms)
Platform modules already initialized, skipping
========================================================================
Worker process is ready to serve import requests
Launched and connected shader compiler UnityShaderCompiler.exe after 0.06 seconds
Refreshing native plugins compatible for Editor in 0.18 ms, found 2 plugins.
Preloading 0 native plugins for Editor in 0.00 ms.
Unloading 1339 Unused Serialized files (Serialized files now loaded: 0)
Unloading 16 unused Assets / (57.2 KB). Loaded Objects now: 1811.
Memory consumption went from 63.7 MB to 63.7 MB.
Total: 1.663100 ms (FindLiveObjects: 0.069900 ms CreateObjectMapping: 0.017900 ms MarkObjects: 1.522300 ms  DeleteObjects: 0.052400 ms)

AssetImportParameters requested are different than current active one (requested -> active):
  custom:video-decoder-ogg-theora: a1e56fd34408186e4bbccfd4996cb3dc -> 
  custom:container-muxer-webm: aa71ff27fc2769a1b78a27578f13a17b -> 
  custom:container-demuxer-webm: 4f35f7cbe854078d1ac9338744f61a02 -> 
  custom:video-encoder-webm-vp8: eb34c28f22e8b96e1ab97ce403110664 -> 
  custom:audio-encoder-webm-vorbis: bf7c407c2cedff20999df2af8eb42d56 -> 
  custom:framework-win-MediaFoundation: 216162199b28c13a410421893ffa2e32 -> 
  custom:container-demuxer-ogg: 62fdf1f143b41e24485cea50d1cbac27 -> 
  custom:video-decoder-webm-vp8: 9c59270c3fd7afecdb556c50c9e8de78 -> 
  custom:audio-decoder-ogg-vorbis: bf7c407c2cedff20999df2af8eb42d56 -> 
========================================================================
Received Import Request.
  Time since last request: 354356.407779 seconds.
  path: Assets/Prefabs/Rocks/Rock18/rock_18.fbx
  artifactKey: Guid(385e49cd155c8d947ae5eaec63d7f50d) Importer(815301076,1909f56bfc062723c751e8b465ee728b)
Start importing Assets/Prefabs/Rocks/Rock18/rock_18.fbx using Guid(385e49cd155c8d947ae5eaec63d7f50d) Importer(815301076,1909f56bfc062723c751e8b465ee728b)  -> (artifact id: '43f2c4cfda010312c14cb1d73996fcb8') in 0.188432 seconds 
========================================================================
Received Import Request.
  Time since last request: 7.173114 seconds.
  path: Assets/Prefabs/Slabs/Slab1
  artifactKey: Guid(9a52692778acda148858741a88ba2686) Importer(815301076,1909f56bfc062723c751e8b465ee728b)
Start importing Assets/Prefabs/Slabs/Slab1 using Guid(9a52692778acda148858741a88ba2686) Importer(815301076,1909f56bfc062723c751e8b465ee728b)  -> (artifact id: 'e121a952c68ba7c5dc7aef88d35a72fb') in 0.007059 seconds 
========================================================================
Received Import Request.
  Time since last request: 0.038900 seconds.
  path: Assets/Prefabs/Slabs/Slab1/slab_1.fbx
  artifactKey: Guid(4ec6a9d15662577468cfd633cfbee4bf) Importer(815301076,1909f56bfc062723c751e8b465ee728b)
Start importing Assets/Prefabs/Slabs/Slab1/slab_1.fbx using Guid(4ec6a9d15662577468cfd633cfbee4bf) Importer(815301076,1909f56bfc062723c751e8b465ee728b)  -> (artifact id: '10ae738522af8d60fb4a2e16bb4eea4c') in 0.018552 seconds 
========================================================================
Received Import Request.
  Time since last request: 2.473363 seconds.
  path: Assets/Prefabs/Slabs/Slab2/slab_2.fbx
  artifactKey: Guid(543575ba1f9737143942d117eeaa51ec) Importer(815301076,1909f56bfc062723c751e8b465ee728b)
Start importing Assets/Prefabs/Slabs/Slab2/slab_2.fbx using Guid(543575ba1f9737143942d117eeaa51ec) Importer(815301076,1909f56bfc062723c751e8b465ee728b)  -> (artifact id: '94981ff8fa1cfbfd0bb3cfc21fe80947') in 0.021598 seconds 
========================================================================
Received Import Request.
  Time since last request: 9.799848 seconds.
  path: Assets/Prefabs/Grass/Grass1/grass_1.fbx
  artifactKey: Guid(fe1d8334175f01b4089c9b3479255200) Importer(815301076,1909f56bfc062723c751e8b465ee728b)
Start importing Assets/Prefabs/Grass/Grass1/grass_1.fbx using Guid(fe1d8334175f01b4089c9b3479255200) Importer(815301076,1909f56bfc062723c751e8b465ee728b)  -> (artifact id: 'c13840ce52369f295121aa97a426ec12') in 0.020503 seconds 
========================================================================
Received Import Request.
  Time since last request: 5.925801 seconds.
  path: Assets/Prefabs/Cliffs/Cliff1
  artifactKey: Guid(f9b4c1c353fb3d44a990dfc8d5561283) Importer(815301076,1909f56bfc062723c751e8b465ee728b)
Start importing Assets/Prefabs/Cliffs/Cliff1 using Guid(f9b4c1c353fb3d44a990dfc8d5561283) Importer(815301076,1909f56bfc062723c751e8b465ee728b)  -> (artifact id: '9826601981f4072a7a5ed95b7d7a1003') in 0.008361 seconds 
========================================================================
Received Import Request.
  Time since last request: 0.204270 seconds.
  path: Assets/Prefabs/Cliffs/Cliff1/cliff_1.fbx
  artifactKey: Guid(d14e9e1099a52d24e9717f38fc099bf3) Importer(815301076,1909f56bfc062723c751e8b465ee728b)
Start importing Assets/Prefabs/Cliffs/Cliff1/cliff_1.fbx using Guid(d14e9e1099a52d24e9717f38fc099bf3) Importer(815301076,1909f56bfc062723c751e8b465ee728b)  -> (artifact id: '865aae1333b54965dc3166fe5a3e8b26') in 0.018100 seconds 
========================================================================
Received Import Request.
  Time since last request: 13.852998 seconds.
  path: Assets/Prefabs/Cliffs/Cliff2
  artifactKey: Guid(fc3e80c9a9711de4db20301a16fbd1e3) Importer(815301076,1909f56bfc062723c751e8b465ee728b)
Start importing Assets/Prefabs/Cliffs/Cliff2 using Guid(fc3e80c9a9711de4db20301a16fbd1e3) Importer(815301076,1909f56bfc062723c751e8b465ee728b)  -> (artifact id: '01da59fd4d580fca70205f2c871cc102') in 0.008798 seconds 
========================================================================
Received Import Request.
  Time since last request: 0.056446 seconds.
  path: Assets/Prefabs/Cliffs/Cliff2/cliff_2.fbx
  artifactKey: Guid(c394a55e497a61f4cb10879c14d017e9) Importer(815301076,1909f56bfc062723c751e8b465ee728b)
Start importing Assets/Prefabs/Cliffs/Cliff2/cliff_2.fbx using Guid(c394a55e497a61f4cb10879c14d017e9) Importer(815301076,1909f56bfc062723c751e8b465ee728b)  -> (artifact id: '204f7d6f668a342e08151d5cc20dc3db') in 0.016321 seconds 
========================================================================
Received Import Request.
  Time since last request: 7.660920 seconds.
  path: Assets/Prefabs/Cliffs/Cliff3/cliff_3.fbx
  artifactKey: Guid(35bcdd19e8ab0154f8067cebde611a1f) Importer(815301076,1909f56bfc062723c751e8b465ee728b)
Start importing Assets/Prefabs/Cliffs/Cliff3/cliff_3.fbx using Guid(35bcdd19e8ab0154f8067cebde611a1f) Importer(815301076,1909f56bfc062723c751e8b465ee728b)  -> (artifact id: '5244fa7a1973e9f9b1cec196c7ebc3b5') in 0.016569 seconds 
========================================================================
Received Import Request.
  Time since last request: 21.790219 seconds.
  path: Assets/Prefabs/Cliffs/Cliff4/cliff_4.fbx
  artifactKey: Guid(dd76b5e048f187f439b253fffba695c0) Importer(815301076,1909f56bfc062723c751e8b465ee728b)
Start importing Assets/Prefabs/Cliffs/Cliff4/cliff_4.fbx using Guid(dd76b5e048f187f439b253fffba695c0) Importer(815301076,1909f56bfc062723c751e8b465ee728b)  -> (artifact id: '20f248f69e05873d093dfa8c82869c18') in 0.020162 seconds 
========================================================================
Received Import Request.
  Time since last request: 0.745610 seconds.
  path: Assets/Prefabs/Cliffs/Cliff6/cliff_6.fbx
  artifactKey: Guid(70b39351cb39b3e4d90763811fb26cd6) Importer(815301076,1909f56bfc062723c751e8b465ee728b)
Start importing Assets/Prefabs/Cliffs/Cliff6/cliff_6.fbx using Guid(70b39351cb39b3e4d90763811fb26cd6) Importer(815301076,1909f56bfc062723c751e8b465ee728b)  -> (artifact id: '50fed798603ff311cf2df9cb73cb3206') in 0.019966 seconds 
========================================================================
Received Import Request.
  Time since last request: 0.922061 seconds.
  path: Assets/Prefabs/Cliffs/Cliff5/cliff_5.fbx
  artifactKey: Guid(7aceb3c9ab19ab346aba6fc68fb3acd5) Importer(815301076,1909f56bfc062723c751e8b465ee728b)
Start importing Assets/Prefabs/Cliffs/Cliff5/cliff_5.fbx using Guid(7aceb3c9ab19ab346aba6fc68fb3acd5) Importer(815301076,1909f56bfc062723c751e8b465ee728b)  -> (artifact id: '5c5931c9129fcb674340b0a35ecf008b') in 0.019692 seconds 
========================================================================
Received Import Request.
  Time since last request: 10.802318 seconds.
  path: Assets/Prefabs/Rocks/Rock1/rock_1.fbx
  artifactKey: Guid(3db6b60ec2edaed4d87a20221f431ee4) Importer(815301076,1909f56bfc062723c751e8b465ee728b)
Start importing Assets/Prefabs/Rocks/Rock1/rock_1.fbx using Guid(3db6b60ec2edaed4d87a20221f431ee4) Importer(815301076,1909f56bfc062723c751e8b465ee728b)  -> (artifact id: 'db026da2e74b30c5fd58c194c22dfedc') in 0.016522 seconds 
========================================================================
Received Import Request.
  Time since last request: 0.947595 seconds.
  path: Assets/Prefabs/Rocks/Rock2/rock_2.fbx
  artifactKey: Guid(a8795446c073b5045a24a590c004996e) Importer(815301076,1909f56bfc062723c751e8b465ee728b)
Start importing Assets/Prefabs/Rocks/Rock2/rock_2.fbx using Guid(a8795446c073b5045a24a590c004996e) Importer(815301076,1909f56bfc062723c751e8b465ee728b)  -> (artifact id: '52215c33a5274028fa8876aa5caf6ebc') in 0.017260 seconds 
========================================================================
Received Import Request.
  Time since last request: 0.340963 seconds.
  path: Assets/Prefabs/Rocks/Rock4/rock_4.fbx
  artifactKey: Guid(e89ca4e3d55fefd44abdbc084e8daaad) Importer(815301076,1909f56bfc062723c751e8b465ee728b)
Start importing Assets/Prefabs/Rocks/Rock4/rock_4.fbx using Guid(e89ca4e3d55fefd44abdbc084e8daaad) Importer(815301076,1909f56bfc062723c751e8b465ee728b)  -> (artifact id: 'c1dca88bb595ce4d5ece100d4113d0d4') in 0.015359 seconds 
========================================================================
Received Import Request.
  Time since last request: 0.375237 seconds.
  path: Assets/Prefabs/Rocks/Rock6/rock_6.fbx
  artifactKey: Guid(b24caf45e6f47d440b5cf772700ff52a) Importer(815301076,1909f56bfc062723c751e8b465ee728b)
Start importing Assets/Prefabs/Rocks/Rock6/rock_6.fbx using Guid(b24caf45e6f47d440b5cf772700ff52a) Importer(815301076,1909f56bfc062723c751e8b465ee728b)  -> (artifact id: '25c421df4fd60bdf9eea68d8bbd3530d') in 0.019491 seconds 
========================================================================
Received Import Request.
  Time since last request: 0.409997 seconds.
  path: Assets/Prefabs/Rocks/Rock8/rock_8.fbx
  artifactKey: Guid(7493efd9b1175a3498101c22fe5d187e) Importer(815301076,1909f56bfc062723c751e8b465ee728b)
Start importing Assets/Prefabs/Rocks/Rock8/rock_8.fbx using Guid(7493efd9b1175a3498101c22fe5d187e) Importer(815301076,1909f56bfc062723c751e8b465ee728b)  -> (artifact id: '99b65fdbbbd9f73a8ac907656c22b87d') in 0.019079 seconds 
========================================================================
Received Import Request.
  Time since last request: 0.570203 seconds.
  path: Assets/Prefabs/Rocks/Rock9/rock_9.fbx
  artifactKey: Guid(97fba8776dee47e47891d5f537f8dfb9) Importer(815301076,1909f56bfc062723c751e8b465ee728b)
Start importing Assets/Prefabs/Rocks/Rock9/rock_9.fbx using Guid(97fba8776dee47e47891d5f537f8dfb9) Importer(815301076,1909f56bfc062723c751e8b465ee728b)  -> (artifact id: '8ccda3c213ed6686712593292d7be75f') in 0.017393 seconds 
========================================================================
Received Import Request.
  Time since last request: 0.349404 seconds.
  path: Assets/Prefabs/Rocks/Rock10/rock_10.fbx
  artifactKey: Guid(1e6ed786fd48e3f40add0f9d2d3cf4b8) Importer(815301076,1909f56bfc062723c751e8b465ee728b)
Start importing Assets/Prefabs/Rocks/Rock10/rock_10.fbx using Guid(1e6ed786fd48e3f40add0f9d2d3cf4b8) Importer(815301076,1909f56bfc062723c751e8b465ee728b)  -> (artifact id: 'f2c8ff59dc56d28a66a480d806e42864') in 0.019720 seconds 
========================================================================
Received Import Request.
  Time since last request: 1.049467 seconds.
  path: Assets/Prefabs/Rocks/Rock19/rock_19.fbx
  artifactKey: Guid(f954f6176fd765c4ca6082f9c5c0cf0d) Importer(815301076,1909f56bfc062723c751e8b465ee728b)
Start importing Assets/Prefabs/Rocks/Rock19/rock_19.fbx using Guid(f954f6176fd765c4ca6082f9c5c0cf0d) Importer(815301076,1909f56bfc062723c751e8b465ee728b)  -> (artifact id: 'a543c16f8db0e27c17ee82655d6de42f') in 0.018689 seconds 
========================================================================
Received Import Request.
  Time since last request: 0.282925 seconds.
  path: Assets/Prefabs/Rocks/Rock21/rock_21.fbx
  artifactKey: Guid(6bbf1a16cde3fa04d9c2fe39b645254a) Importer(815301076,1909f56bfc062723c751e8b465ee728b)
Start importing Assets/Prefabs/Rocks/Rock21/rock_21.fbx using Guid(6bbf1a16cde3fa04d9c2fe39b645254a) Importer(815301076,1909f56bfc062723c751e8b465ee728b)  -> (artifact id: '4977c2d85d5bac53edc941716213ebac') in 0.016831 seconds 
========================================================================
Received Import Request.
  Time since last request: 49.113181 seconds.
  path: Assets/Prefabs/Logs/Log2
  artifactKey: Guid(6b65a9aea294fb24bbdea53e6f7981da) Importer(815301076,1909f56bfc062723c751e8b465ee728b)
Start importing Assets/Prefabs/Logs/Log2 using Guid(6b65a9aea294fb24bbdea53e6f7981da) Importer(815301076,1909f56bfc062723c751e8b465ee728b)  -> (artifact id: 'cbbd2e5112067b17ff12684423418d2c') in 0.007201 seconds 
========================================================================
Received Import Request.
  Time since last request: 0.120094 seconds.
  path: Assets/Prefabs/Logs/Log2/log_2.fbx
  artifactKey: Guid(2d08b57623f3a104498ad09cfcc53f71) Importer(815301076,1909f56bfc062723c751e8b465ee728b)
Start importing Assets/Prefabs/Logs/Log2/log_2.fbx using Guid(2d08b57623f3a104498ad09cfcc53f71) Importer(815301076,1909f56bfc062723c751e8b465ee728b)  -> (artifact id: '82301a83e52b95167de128a9caea448b') in 0.015439 seconds 
========================================================================
Received Import Request.
  Time since last request: 220.371742 seconds.
  path: Assets/Prefabs/Logs/Log2/log_2.prefab
  artifactKey: Guid(7550bf33aa50e4f42acf121433c0e6f2) Importer(815301076,1909f56bfc062723c751e8b465ee728b)
Start importing Assets/Prefabs/Logs/Log2/log_2.prefab using Guid(7550bf33aa50e4f42acf121433c0e6f2) Importer(815301076,1909f56bfc062723c751e8b465ee728b)  -> (artifact id: '34a8dd698ba7a1b05198f05e771f9d11') in 0.015284 seconds 
========================================================================
Received Import Request.
  Time since last request: 32.493407 seconds.
  path: Assets/Prefabs/Logs/Log2/log_2.prefab
  artifactKey: Guid(7550bf33aa50e4f42acf121433c0e6f2) Importer(815301076,1909f56bfc062723c751e8b465ee728b)
Start importing Assets/Prefabs/Logs/Log2/log_2.prefab using Guid(7550bf33aa50e4f42acf121433c0e6f2) Importer(815301076,1909f56bfc062723c751e8b465ee728b)  -> (artifact id: '8922a988e3be09dd157c5d3f5ecd5bcd') in 0.012329 seconds 
========================================================================
Received Import Request.
  Time since last request: 22.549140 seconds.
  path: Assets/Materials/Shaders
  artifactKey: Guid(13f798f02f5d8ce49a9feca61e20b3a9) Importer(815301076,1909f56bfc062723c751e8b465ee728b)
Start importing Assets/Materials/Shaders using Guid(13f798f02f5d8ce49a9feca61e20b3a9) Importer(815301076,1909f56bfc062723c751e8b465ee728b)  -> (artifact id: '09c5cc195572435b852a42423677cb04') in 0.008431 seconds 
========================================================================
Received Import Request.
  Time since last request: 2.619137 seconds.
  path: Assets/Materials
  artifactKey: Guid(171dd9d59794d2449b5e42c8c039e591) Importer(815301076,1909f56bfc062723c751e8b465ee728b)
Start importing Assets/Materials using Guid(171dd9d59794d2449b5e42c8c039e591) Importer(815301076,1909f56bfc062723c751e8b465ee728b)  -> (artifact id: 'd76fddf771302c38e280d6339514850f') in 0.006815 seconds 
========================================================================
Received Import Request.
  Time since last request: 13.093135 seconds.
  path: Assets/Materials/fake wood.mat
  artifactKey: Guid(624cce9fda11d6941bdbbbfacf573dc5) Importer(815301076,1909f56bfc062723c751e8b465ee728b)
Start importing Assets/Materials/fake wood.mat using Guid(624cce9fda11d6941bdbbbfacf573dc5) Importer(815301076,1909f56bfc062723c751e8b465ee728b)  -> (artifact id: '1592c895767a7a2ef45a704e66f1afd0') in 0.014934 seconds 
========================================================================
Received Import Request.
  Time since last request: 518.157052 seconds.
  path: Assets/Prefabs/Cliffs/Cliff8/cliff_8.fbx
  artifactKey: Guid(e5ed542d3b299d6499f264c450942120) Importer(815301076,1909f56bfc062723c751e8b465ee728b)
Start importing Assets/Prefabs/Cliffs/Cliff8/cliff_8.fbx using Guid(e5ed542d3b299d6499f264c450942120) Importer(815301076,1909f56bfc062723c751e8b465ee728b)  -> (artifact id: 'cb32dea7ffdb4c94e7b57bbd7fc6f5db') in 0.019769 seconds 
========================================================================
Received Import Request.
  Time since last request: 1.729804 seconds.
  path: Assets/Prefabs/Cliffs/Cliff9/cliff_9.fbx
  artifactKey: Guid(b5193c4104a19964a88080b586933547) Importer(815301076,1909f56bfc062723c751e8b465ee728b)
Start importing Assets/Prefabs/Cliffs/Cliff9/cliff_9.fbx using Guid(b5193c4104a19964a88080b586933547) Importer(815301076,1909f56bfc062723c751e8b465ee728b)  -> (artifact id: '2399ba6783434105e12034f8eb332e2b') in 0.021190 seconds 
========================================================================
Received Import Request.
  Time since last request: 220.974069 seconds.
  path: Assets/Prefabs/Bushes/Bush1
  artifactKey: Guid(b94cf8d30a7019b4480500c4a8eaefcc) Importer(815301076,1909f56bfc062723c751e8b465ee728b)
Start importing Assets/Prefabs/Bushes/Bush1 using Guid(b94cf8d30a7019b4480500c4a8eaefcc) Importer(815301076,1909f56bfc062723c751e8b465ee728b)  -> (artifact id: 'abccfadcefa15f31a3b582e01c330fe4') in 0.009952 seconds 
========================================================================
Received Import Request.
  Time since last request: 0.055144 seconds.
  path: Assets/Prefabs/Bushes/Bush1/bush_1.fbx
  artifactKey: Guid(c79853d1a22a5cb49b15a3715056104d) Importer(815301076,1909f56bfc062723c751e8b465ee728b)
Start importing Assets/Prefabs/Bushes/Bush1/bush_1.fbx using Guid(c79853d1a22a5cb49b15a3715056104d) Importer(815301076,1909f56bfc062723c751e8b465ee728b)  -> (artifact id: '25a6a25e84241ff0e205769df0ea5c8c') in 0.016459 seconds 
========================================================================
Received Import Request.
  Time since last request: 77.244946 seconds.
  path: Assets/Prefabs/Bushes/Bush9/bush_9.fbx
  artifactKey: Guid(52718464a9aead341a730988b0780b03) Importer(815301076,1909f56bfc062723c751e8b465ee728b)
Start importing Assets/Prefabs/Bushes/Bush9/bush_9.fbx using Guid(52718464a9aead341a730988b0780b03) Importer(815301076,1909f56bfc062723c751e8b465ee728b)  -> (artifact id: 'ff546766fabfb452bfd4878203f65118') in 0.021160 seconds 
========================================================================
Received Import Request.
  Time since last request: 0.807601 seconds.
  path: Assets/Prefabs/Bushes/Bush8/bush_8.fbx
  artifactKey: Guid(c023717c218ada148b43bd218b69a339) Importer(815301076,1909f56bfc062723c751e8b465ee728b)
Start importing Assets/Prefabs/Bushes/Bush8/bush_8.fbx using Guid(c023717c218ada148b43bd218b69a339) Importer(815301076,1909f56bfc062723c751e8b465ee728b)  -> (artifact id: '8c3fe4d3f6f2d175e530bad2cf00dc9c') in 0.019644 seconds 
========================================================================
Received Import Request.
  Time since last request: 0.874694 seconds.
  path: Assets/Prefabs/Bushes/Bush4/bush_4.fbx
  artifactKey: Guid(b80e7a855f4247c4fa4e1f15509a76b6) Importer(815301076,1909f56bfc062723c751e8b465ee728b)
Start importing Assets/Prefabs/Bushes/Bush4/bush_4.fbx using Guid(b80e7a855f4247c4fa4e1f15509a76b6) Importer(815301076,1909f56bfc062723c751e8b465ee728b)  -> (artifact id: 'a4802bae7810109534961d241c0f6dfe') in 0.019555 seconds 
========================================================================
Received Import Request.
  Time since last request: 182.073243 seconds.
  path: Assets/Prefabs/Bushes/Bush5/bush_5.fbx
  artifactKey: Guid(a049d842effa0f54196f5cb776e4cc75) Importer(815301076,1909f56bfc062723c751e8b465ee728b)
Start importing Assets/Prefabs/Bushes/Bush5/bush_5.fbx using Guid(a049d842effa0f54196f5cb776e4cc75) Importer(815301076,1909f56bfc062723c751e8b465ee728b)  -> (artifact id: '22509412a64fe8e0197448b4d96ba1f4') in 0.017841 seconds 
========================================================================
Received Import Request.
  Time since last request: 2.195711 seconds.
  path: Assets/Prefabs/Bushes/Bush10/bush_10.fbx
  artifactKey: Guid(56423057ff283874e9a1025c8de6179a) Importer(815301076,1909f56bfc062723c751e8b465ee728b)
Start importing Assets/Prefabs/Bushes/Bush10/bush_10.fbx using Guid(56423057ff283874e9a1025c8de6179a) Importer(815301076,1909f56bfc062723c751e8b465ee728b)  -> (artifact id: 'cc1614ba023555ff126a424a31c27eb2') in 0.017960 seconds 
========================================================================
Received Import Request.
  Time since last request: 2.188614 seconds.
  path: Assets/Prefabs/Bushes/Bush3/bush_3.fbx
  artifactKey: Guid(836b2fd6f6646fc47b105938f7f91f19) Importer(815301076,1909f56bfc062723c751e8b465ee728b)
Start importing Assets/Prefabs/Bushes/Bush3/bush_3.fbx using Guid(836b2fd6f6646fc47b105938f7f91f19) Importer(815301076,1909f56bfc062723c751e8b465ee728b)  -> (artifact id: '8b3bb8a84004a2c526d5b8f9978d46e4') in 0.019742 seconds 
========================================================================
Received Import Request.
  Time since last request: 1.458655 seconds.
  path: Assets/Prefabs/Bushes/Bush6/bush_6.fbx
  artifactKey: Guid(9f99fffde8da15f488229ffa13e667a4) Importer(815301076,1909f56bfc062723c751e8b465ee728b)
Start importing Assets/Prefabs/Bushes/Bush6/bush_6.fbx using Guid(9f99fffde8da15f488229ffa13e667a4) Importer(815301076,1909f56bfc062723c751e8b465ee728b)  -> (artifact id: 'a90c4bb83ab0f42e26bd31f85925772a') in 0.018474 seconds 
========================================================================
Received Import Request.
  Time since last request: 2.130383 seconds.
  path: Assets/Prefabs/Bushes/Bush2/bush_2.fbx
  artifactKey: Guid(b6a12a94b078221458a7a86e0509a863) Importer(815301076,1909f56bfc062723c751e8b465ee728b)
Start importing Assets/Prefabs/Bushes/Bush2/bush_2.fbx using Guid(b6a12a94b078221458a7a86e0509a863) Importer(815301076,1909f56bfc062723c751e8b465ee728b)  -> (artifact id: '2b05d06a799110c7bb6eb5be82d8eb17') in 0.016352 seconds 
========================================================================
Received Import Request.
  Time since last request: 110.778634 seconds.
  path: Assets/Prefabs/Bushes/Bush1/bush_1.prefab
  artifactKey: Guid(0922ee3a38e19aa4ea103aefd1704e0d) Importer(815301076,1909f56bfc062723c751e8b465ee728b)
Start importing Assets/Prefabs/Bushes/Bush1/bush_1.prefab using Guid(0922ee3a38e19aa4ea103aefd1704e0d) Importer(815301076,1909f56bfc062723c751e8b465ee728b)  -> (artifact id: '2381b8a85c895c1ecaaa3af1e652bc9c') in 0.012679 seconds 
========================================================================
Received Import Request.
  Time since last request: 4.076597 seconds.
  path: Assets/Prefabs/Bushes/Bush1/bush_1.prefab
  artifactKey: Guid(0922ee3a38e19aa4ea103aefd1704e0d) Importer(815301076,1909f56bfc062723c751e8b465ee728b)
Start importing Assets/Prefabs/Bushes/Bush1/bush_1.prefab using Guid(0922ee3a38e19aa4ea103aefd1704e0d) Importer(815301076,1909f56bfc062723c751e8b465ee728b)  -> (artifact id: '3795eb6934d6506a5a1a7b68ca74af79') in 0.021358 seconds 
========================================================================
Received Import Request.
  Time since last request: 181.000994 seconds.
  path: Assets/Materials/Ground.mat
  artifactKey: Guid(10dc29815eca93e42aa4737a0ddeb1dc) Importer(815301076,1909f56bfc062723c751e8b465ee728b)
Start importing Assets/Materials/Ground.mat using Guid(10dc29815eca93e42aa4737a0ddeb1dc) Importer(815301076,1909f56bfc062723c751e8b465ee728b)  -> (artifact id: '4e4f03ea2bd5a69655260c3eec2a7bfb') in 0.014084 seconds 
========================================================================
Received Import Request.
  Time since last request: 171.591498 seconds.
  path: Assets/Materials/fake wood.mat
  artifactKey: Guid(624cce9fda11d6941bdbbbfacf573dc5) Importer(815301076,1909f56bfc062723c751e8b465ee728b)
Start importing Assets/Materials/fake wood.mat using Guid(624cce9fda11d6941bdbbbfacf573dc5) Importer(815301076,1909f56bfc062723c751e8b465ee728b)  -> (artifact id: '2e519f2eb1d92e6bd15f5fed694d8ce7') in 0.016402 seconds 
