Using pre-set license
Built from '2021.3/staging' branch; Version is '2021.3.19f1 (c9714fde33b6) revision 13201743'; Using compiler version '192829333'; Build Type 'Release'
OS: 'Windows 10  (10.0.19044) 64bit Enterprise' Language: 'en' Physical Memory: 32456 MB
BatchMode: 1, IsHumanControllingUs: 0, StartBugReporterOnCrash: 0, Is64bit: 1, IsPro: 1

COMMAND LINE ARGUMENTS:
C:\Program Files\Unity 2021.3.19f1\Editor\Unity.exe
-adb2
-batchMode
-noUpm
-name
AssetImportWorker0
-projectPath
C:/Users/horna733/Documents/Unity Projects-Adam/Scene Building Project
-logFile
Logs/AssetImportWorker0.log
-srvPort
53602
Successfully changed project path to: C:/Users/horna733/Documents/Unity Projects-Adam/Scene Building Project
C:/Users/horna733/Documents/Unity Projects-Adam/Scene Building Project
[UnityMemory] Configuration Parameters - Can be set up in boot.config
    "memorysetup-bucket-allocator-granularity=16"
    "memorysetup-bucket-allocator-bucket-count=8"
    "memorysetup-bucket-allocator-block-size=33554432"
    "memorysetup-bucket-allocator-block-count=8"
    "memorysetup-main-allocator-block-size=16777216"
    "memorysetup-thread-allocator-block-size=16777216"
    "memorysetup-gfx-main-allocator-block-size=16777216"
    "memorysetup-gfx-thread-allocator-block-size=16777216"
    "memorysetup-cache-allocator-block-size=4194304"
    "memorysetup-typetree-allocator-block-size=2097152"
    "memorysetup-profiler-bucket-allocator-granularity=16"
    "memorysetup-profiler-bucket-allocator-bucket-count=8"
    "memorysetup-profiler-bucket-allocator-block-size=33554432"
    "memorysetup-profiler-bucket-allocator-block-count=8"
    "memorysetup-profiler-allocator-block-size=16777216"
    "memorysetup-profiler-editor-allocator-block-size=1048576"
    "memorysetup-temp-allocator-size-main=16777216"
    "memorysetup-job-temp-allocator-block-size=2097152"
    "memorysetup-job-temp-allocator-block-size-background=1048576"
    "memorysetup-job-temp-allocator-reduction-small-platforms=262144"
    "memorysetup-temp-allocator-size-background-worker=32768"
    "memorysetup-temp-allocator-size-job-worker=262144"
    "memorysetup-temp-allocator-size-preload-manager=33554432"
    "memorysetup-temp-allocator-size-nav-mesh-worker=65536"
    "memorysetup-temp-allocator-size-audio-worker=65536"
    "memorysetup-temp-allocator-size-cloud-worker=32768"
    "memorysetup-temp-allocator-size-gi-baking-worker=262144"
    "memorysetup-temp-allocator-size-gfx=262144"
Player connection [6480] Host "[IP] 10.2.3.250 [Port] 0 [Flags] 2 [Guid] 3336931533 [EditorId] 3336931533 [Version] 1048832 [Id] WindowsEditor(7,CE105WD238870S) [Debug] 1 [PackageName] WindowsEditor [ProjectName] Editor" joined multi-casting on [225.0.0.222:54997]...

Player connection [6480] Host "[IP] 10.2.3.250 [Port] 0 [Flags] 2 [Guid] 3336931533 [EditorId] 3336931533 [Version] 1048832 [Id] WindowsEditor(7,CE105WD238870S) [Debug] 1 [PackageName] WindowsEditor [ProjectName] Editor" joined alternative multi-casting on [225.0.0.222:34997]...

Refreshing native plugins compatible for Editor in 21.87 ms, found 2 plugins.
Preloading 0 native plugins for Editor in 0.00 ms.
Initialize engine version: 2021.3.19f1 (c9714fde33b6)
[Subsystems] Discovering subsystems at path C:/Program Files/Unity 2021.3.19f1/Editor/Data/Resources/UnitySubsystems
[Subsystems] Discovering subsystems at path C:/Users/horna733/Documents/Unity Projects-Adam/Scene Building Project/Assets
GfxDevice: creating device client; threaded=0; jobified=0
Direct3D:
    Version:  Direct3D 11.0 [level 11.1]
    Renderer: Intel(R) UHD Graphics (ID=0xa780)
    Vendor:   Intel
    VRAM:     16228 MB
    Driver:   31.0.101.3302
Initialize mono
Mono path[0] = 'C:/Program Files/Unity 2021.3.19f1/Editor/Data/Managed'
Mono path[1] = 'C:/Program Files/Unity 2021.3.19f1/Editor/Data/MonoBleedingEdge/lib/mono/unityjit-win32'
Mono config path = 'C:/Program Files/Unity 2021.3.19f1/Editor/Data/MonoBleedingEdge/etc'
Using monoOptions --debugger-agent=transport=dt_socket,embedding=1,server=y,suspend=n,address=127.0.0.1:56108
Begin MonoManager ReloadAssembly
Registering precompiled unity dll's ...
Register platform support module: C:/Program Files/Unity 2021.3.19f1/Editor/Data/PlaybackEngines/WebGLSupport/UnityEditor.WebGL.Extensions.dll
Register platform support module: C:/Program Files/Unity 2021.3.19f1/Editor/Data/PlaybackEngines/WindowsStandaloneSupport/UnityEditor.WindowsStandalone.Extensions.dll
Register platform support module: C:/Program Files/Unity 2021.3.19f1/Editor/Data/PlaybackEngines/MetroSupport/UnityEditor.UWP.Extensions.dll
Registered in 0.005298 seconds.
Native extension for UWP target not found
Native extension for WindowsStandalone target not found
Native extension for WebGL target not found
Refreshing native plugins compatible for Editor in 20.31 ms, found 2 plugins.
Preloading 0 native plugins for Editor in 0.00 ms.
Mono: successfully reloaded assembly
- Completed reload, in  0.524 seconds
Domain Reload Profiling:
	ReloadAssembly (525ms)
		BeginReloadAssembly (71ms)
			ExecutionOrderSort (0ms)
			DisableScriptedObjects (0ms)
			BackupInstance (0ms)
			ReleaseScriptingObjects (0ms)
			CreateAndSetChildDomain (1ms)
		EndReloadAssembly (356ms)
			LoadAssemblies (70ms)
			RebuildTransferFunctionScriptingTraits (0ms)
			SetupTypeCache (88ms)
			ReleaseScriptCaches (0ms)
			RebuildScriptCaches (24ms)
			SetupLoadedEditorAssemblies (198ms)
				LogAssemblyErrors (0ms)
				InitializePlatformSupportModulesInManaged (8ms)
				SetLoadedEditorAssemblies (0ms)
				RefreshPlugins (20ms)
				BeforeProcessingInitializeOnLoad (1ms)
				ProcessInitializeOnLoadAttributes (125ms)
				ProcessInitializeOnLoadMethodAttributes (43ms)
				AfterProcessingInitializeOnLoad (0ms)
				EditorAssembliesLoaded (0ms)
			ExecutionOrderSort2 (0ms)
			AwakeInstancesAfterBackupRestoration (0ms)
Platform modules already initialized, skipping
Registering precompiled user dll's ...
Registered in 0.002902 seconds.
Begin MonoManager ReloadAssembly
Native extension for UWP target not found
Native extension for WindowsStandalone target not found
Native extension for WebGL target not found
Refreshing native plugins compatible for Editor in 0.36 ms, found 2 plugins.
Preloading 0 native plugins for Editor in 0.00 ms.
Mono: successfully reloaded assembly
- Completed reload, in  0.711 seconds
Domain Reload Profiling:
	ReloadAssembly (712ms)
		BeginReloadAssembly (97ms)
			ExecutionOrderSort (0ms)
			DisableScriptedObjects (5ms)
			BackupInstance (0ms)
			ReleaseScriptingObjects (0ms)
			CreateAndSetChildDomain (19ms)
		EndReloadAssembly (514ms)
			LoadAssemblies (61ms)
			RebuildTransferFunctionScriptingTraits (0ms)
			SetupTypeCache (139ms)
			ReleaseScriptCaches (0ms)
			RebuildScriptCaches (34ms)
			SetupLoadedEditorAssemblies (246ms)
				LogAssemblyErrors (0ms)
				InitializePlatformSupportModulesInManaged (7ms)
				SetLoadedEditorAssemblies (0ms)
				RefreshPlugins (0ms)
				BeforeProcessingInitializeOnLoad (40ms)
				ProcessInitializeOnLoadAttributes (175ms)
				ProcessInitializeOnLoadMethodAttributes (16ms)
				AfterProcessingInitializeOnLoad (7ms)
				EditorAssembliesLoaded (0ms)
			ExecutionOrderSort2 (0ms)
			AwakeInstancesAfterBackupRestoration (8ms)
Platform modules already initialized, skipping
========================================================================
Worker process is ready to serve import requests
Launched and connected shader compiler UnityShaderCompiler.exe after 0.06 seconds
Refreshing native plugins compatible for Editor in 0.18 ms, found 2 plugins.
Preloading 0 native plugins for Editor in 0.00 ms.
Unloading 1339 Unused Serialized files (Serialized files now loaded: 0)
Unloading 16 unused Assets / (57.0 KB). Loaded Objects now: 1811.
Memory consumption went from 63.7 MB to 63.6 MB.
Total: 1.563300 ms (FindLiveObjects: 0.072000 ms CreateObjectMapping: 0.017800 ms MarkObjects: 1.424100 ms  DeleteObjects: 0.048700 ms)

AssetImportParameters requested are different than current active one (requested -> active):
  custom:video-decoder-ogg-theora: a1e56fd34408186e4bbccfd4996cb3dc -> 
  custom:container-muxer-webm: aa71ff27fc2769a1b78a27578f13a17b -> 
  custom:container-demuxer-webm: 4f35f7cbe854078d1ac9338744f61a02 -> 
  custom:video-encoder-webm-vp8: eb34c28f22e8b96e1ab97ce403110664 -> 
  custom:audio-encoder-webm-vorbis: bf7c407c2cedff20999df2af8eb42d56 -> 
  custom:framework-win-MediaFoundation: 216162199b28c13a410421893ffa2e32 -> 
  custom:container-demuxer-ogg: 62fdf1f143b41e24485cea50d1cbac27 -> 
  custom:video-decoder-webm-vp8: 9c59270c3fd7afecdb556c50c9e8de78 -> 
  custom:audio-decoder-ogg-vorbis: bf7c407c2cedff20999df2af8eb42d56 -> 
========================================================================
Received Import Request.
  Time since last request: 354250.884552 seconds.
  path: Assets/Textures/atlass_1_diffuse.png
  artifactKey: Guid(bb8118f34410a604dbf31c021fae3009) Importer(815301076,1909f56bfc062723c751e8b465ee728b)
Start importing Assets/Textures/atlass_1_diffuse.png using Guid(bb8118f34410a604dbf31c021fae3009) Importer(815301076,1909f56bfc062723c751e8b465ee728b)  -> (artifact id: '980e585b26a03c2a24f9b995aead1780') in 0.163965 seconds 
========================================================================
Received Import Request.
  Time since last request: 0.975125 seconds.
  path: Assets/Materials/atlass_1_1.mat
  artifactKey: Guid(85e89f3b829c70a4a85a798f89bd18ed) Importer(815301076,1909f56bfc062723c751e8b465ee728b)
Start importing Assets/Materials/atlass_1_1.mat using Guid(85e89f3b829c70a4a85a798f89bd18ed) Importer(815301076,1909f56bfc062723c751e8b465ee728b)  -> (artifact id: '8aaa36e4f1ec7803ff7cc86bc3703ee7') in 0.188469 seconds 
========================================================================
Received Import Request.
  Time since last request: 7.398772 seconds.
  path: Assets/Prefabs/Logs
  artifactKey: Guid(898e868ee974397448e5ecd9d33149d3) Importer(815301076,1909f56bfc062723c751e8b465ee728b)
Start importing Assets/Prefabs/Logs using Guid(898e868ee974397448e5ecd9d33149d3) Importer(815301076,1909f56bfc062723c751e8b465ee728b)  -> (artifact id: 'fbd642dd8d3ed84c414b847094dfd354') in 0.007782 seconds 
========================================================================
Received Import Request.
  Time since last request: 1.048506 seconds.
  path: Assets/Prefabs/Logs/Log1
  artifactKey: Guid(e7d1bc94b8403c444916f75e2be72bd4) Importer(815301076,1909f56bfc062723c751e8b465ee728b)
Start importing Assets/Prefabs/Logs/Log1 using Guid(e7d1bc94b8403c444916f75e2be72bd4) Importer(815301076,1909f56bfc062723c751e8b465ee728b)  -> (artifact id: 'f8dd793fe5a22ce921cf4de3672f0590') in 0.008039 seconds 
========================================================================
Received Import Request.
  Time since last request: 0.165068 seconds.
  path: Assets/Prefabs/Logs/Log1/log_1.fbx
  artifactKey: Guid(43720d3961a22e44d9fa37b32d2046dd) Importer(815301076,1909f56bfc062723c751e8b465ee728b)
Start importing Assets/Prefabs/Logs/Log1/log_1.fbx using Guid(43720d3961a22e44d9fa37b32d2046dd) Importer(815301076,1909f56bfc062723c751e8b465ee728b)  -> (artifact id: '4b228bb67fce9a655019b0f6833472e8') in 0.279451 seconds 
========================================================================
Received Import Request.
  Time since last request: 26.197381 seconds.
  path: Assets/Prefabs/CombinedAssets/CombinedAssets1
  artifactKey: Guid(15ca945f48b9add4d858b8ca1adcf4f0) Importer(815301076,1909f56bfc062723c751e8b465ee728b)
Start importing Assets/Prefabs/CombinedAssets/CombinedAssets1 using Guid(15ca945f48b9add4d858b8ca1adcf4f0) Importer(815301076,1909f56bfc062723c751e8b465ee728b)  -> (artifact id: '7c85ff1e99867f87f8ef327781f3e714') in 0.006362 seconds 
========================================================================
Received Import Request.
  Time since last request: 0.051193 seconds.
  path: Assets/Prefabs/CombinedAssets/CombinedAssets1/combined_assets_1.fbx
  artifactKey: Guid(d58aab12781feca4baaee1fc5355ed43) Importer(815301076,1909f56bfc062723c751e8b465ee728b)
Start importing Assets/Prefabs/CombinedAssets/CombinedAssets1/combined_assets_1.fbx using Guid(d58aab12781feca4baaee1fc5355ed43) Importer(815301076,1909f56bfc062723c751e8b465ee728b)  -> (artifact id: 'ddae17b09c78763363219d0ed62841bc') in 0.026998 seconds 
========================================================================
Received Import Request.
  Time since last request: 10.298566 seconds.
  path: Assets/Prefabs/Paths/RockPath1
  artifactKey: Guid(eda584401cdbc4b4e91da75d6524e05e) Importer(815301076,1909f56bfc062723c751e8b465ee728b)
Start importing Assets/Prefabs/Paths/RockPath1 using Guid(eda584401cdbc4b4e91da75d6524e05e) Importer(815301076,1909f56bfc062723c751e8b465ee728b)  -> (artifact id: '6ed93679ddba0a9f98957f20e2e1bcb2') in 0.008672 seconds 
========================================================================
Received Import Request.
  Time since last request: 0.087496 seconds.
  path: Assets/Prefabs/Paths/RockPath1/rock_path_1.fbx
  artifactKey: Guid(47e70109901a7614db46ff6aba962ad9) Importer(815301076,1909f56bfc062723c751e8b465ee728b)
Start importing Assets/Prefabs/Paths/RockPath1/rock_path_1.fbx using Guid(47e70109901a7614db46ff6aba962ad9) Importer(815301076,1909f56bfc062723c751e8b465ee728b)  -> (artifact id: '63dfe3ac444e4a6d8f6bb81ea42abbec') in 0.016628 seconds 
========================================================================
Received Import Request.
  Time since last request: 4.533920 seconds.
  path: Assets/Prefabs/CombinedAssets/CombinedAssets1/combined_assets_1.prefab
  artifactKey: Guid(6102d26ab22b5c644a74aa832788ba35) Importer(815301076,1909f56bfc062723c751e8b465ee728b)
Start importing Assets/Prefabs/CombinedAssets/CombinedAssets1/combined_assets_1.prefab using Guid(6102d26ab22b5c644a74aa832788ba35) Importer(815301076,1909f56bfc062723c751e8b465ee728b)  -> (artifact id: 'b7168d6000f8e4df6b687ddcefd5888d') in 0.079918 seconds 
========================================================================
Received Import Request.
  Time since last request: 3.207819 seconds.
  path: Assets/Prefabs/CombinedAssets/CombinedAssets1/combined_assets_1.prefab
  artifactKey: Guid(6102d26ab22b5c644a74aa832788ba35) Importer(815301076,1909f56bfc062723c751e8b465ee728b)
Start importing Assets/Prefabs/CombinedAssets/CombinedAssets1/combined_assets_1.prefab using Guid(6102d26ab22b5c644a74aa832788ba35) Importer(815301076,1909f56bfc062723c751e8b465ee728b)  -> (artifact id: 'e420a28da00dd2f426b808ae2915d899') in 0.015730 seconds 
